info @storybook/react v6.1.17
info 
info => Cleaning outputDir /var/folders/9p/qjx1plh15bscrpljmkd8yzz00000gn/T/chromatic--25999-vFnOwwNEgPlp
info => Copying static files from: public
info => Using prebuilt manager
info => Building preview..
info => Loading preview config..
info => Loading presets
info => Loading 1 config file in "./.storybook"
info => Loading 7 other files in "./.storybook"
info => Adding stories defined in ".storybook/main.js"
info => Loading Webpack configuration from `node_modules/react-scripts`
info => Removing existing JavaScript and TypeScript rules.
info => Modifying Create React App rules.
info => Using default Webpack setup
info => Compiling preview..
<s> [webpack.Progress] 0% compiling
<s> [webpack.Progress] 10% building 0/0 modules 0 active 
<s> [webpack.Progress] 10% building 0/1 modules 1 active multi /Users/saraaoki/Documents/GitHub/react-todolist/node_modules/@storybook/core/dist/server/common/polyfills.js /Users/saraaoki/Documents/GitHub/react-todolist/node_modules/@storybook/core/dist/server/preview/globals.js /Users/saraaoki/Documents/GitHub/react-todolist/.storybook/storybook-init-framework-entry.js /Users/saraaoki/Documents/GitHub/react-todolist/node_modules/@storybook/addon-docs/dist/frameworks/common/config.js-generated-other-entry.js /Users/saraaoki/Documents/GitHub/react-todolist/node_modules/@storybook/addon-docs/dist/frameworks/react/config.js-generated-other-entry.js /Users/saraaoki/Documents/GitHub/react-todolist/node_modules/@storybook/addon-links/dist/preset/addDecorator.js-generated-other-entry.js /Users/saraaoki/Documents/GitHub/react-todolist/node_modules/@storybook/addon-actions/dist/preset/addDecorator.js-generated-other-entry.js /Users/saraaoki/Documents/GitHub/react-todolist/node_modules/@storybook/addon-actions/dist/preset/addArgs.js-generated-other-entry.js /Users/saraaoki/Documents/GitHub/react-todolist/node_modules/@storybook/addon-backgrounds/dist/preset/addDecorator.js-generated-other-entry.js /Users/saraaoki/Documents/GitHub/react-todolist/node_modules/@storybook/addon-backgrounds/dist/preset/addParameter.js-generated-other-entry.js /Users/saraaoki/Documents/GitHub/react-todolist/.storybook/preview.js-generated-config-entry.js /Users/saraaoki/Documents/GitHub/react-todolist/.storybook/generated-stories-entry.js
<s> [webpack.Progress] 10% building 1/1 modules 0 active 
<s> [webpack.Progress] 10% building 1/2 modules 1 active /Users/saraaoki/Documents/GitHub/react-todolist/node_modules/react-scripts/node_modules/babel-loader/lib/index.js??ref--9-oneOf-2!/Users/saraaoki/Documents/GitHub/react-todolist/.storybook/storybook-init-framework-entry.js
<s> [webpack.Progress] 10% building 1/3 modules 2 active /Users/saraaoki/Documents/GitHub/react-todolist/node_modules/react-scripts/node_modules/babel-loader/lib/index.js??ref--9-oneOf-2!/Users/saraaoki/Documents/GitHub/react-todolist/.storybook/preview.js-generated-config-entry.js
<s> [webpack.Progress] 10% building 1/4 modules 3 active /Users/saraaoki/Documents/GitHub/react-todolist/node_modules/react-scripts/node_modules/babel-loader/lib/index.js??ref--9-oneOf-2!/Users/saraaoki/Documents/GitHub/react-todolist/.storybook/generated-stories-entry.js
<s> [webpack.Progress] 10% building 1/5 modules 4 active /Users/saraaoki/Documents/GitHub/react-todolist/node_modules/@storybook/addon-links/dist/preset/addDecorator.js-generated-other-entry.js
<s> [webpack.Progress] 10% building 1/6 modules 5 active /Users/saraaoki/Documents/GitHub/react-todolist/node_modules/@storybook/addon-backgrounds/dist/preset/addDecorator.js-generated-other-entry.js
<s> [webpack.Progress] 10% building 1/7 modules 6 active /Users/saraaoki/Documents/GitHub/react-todolist/node_modules/@storybook/addon-backgrounds/dist/preset/addParameter.js-generated-other-entry.js
<s> [webpack.Progress] 10% building 1/8 modules 7 active /Users/saraaoki/Documents/GitHub/react-todolist/node_modules/@storybook/addon-actions/dist/preset/addDecorator.js-generated-other-entry.js
<s> [webpack.Progress] 10% building 1/9 modules 8 active /Users/saraaoki/Documents/GitHub/react-todolist/node_modules/@storybook/addon-actions/dist/preset/addArgs.js-generated-other-entry.js
<s> [webpack.Progress] 10% building 1/10 modules 9 active /Users/saraaoki/Documents/GitHub/react-todolist/node_modules/@storybook/addon-docs/dist/frameworks/common/config.js-generated-other-entry.js
<s> [webpack.Progress] 10% building 1/11 modules 10 active /Users/saraaoki/Documents/GitHub/react-todolist/node_modules/@storybook/addon-docs/dist/frameworks/react/config.js-generated-other-entry.js
<s> [webpack.Progress] 10% building 2/11 modules 9 active /Users/saraaoki/Documents/GitHub/react-todolist/node_modules/@storybook/addon-docs/dist/frameworks/react/config.js-generated-other-entry.js
<s> [webpack.Progress] 10% building 3/11 modules 8 active /Users/saraaoki/Documents/GitHub/react-todolist/node_modules/@storybook/addon-docs/dist/frameworks/react/config.js-generated-other-entry.js
<s> [webpack.Progress] 10% building 4/11 modules 7 active /Users/saraaoki/Documents/GitHub/react-todolist/node_modules/@storybook/addon-docs/dist/frameworks/react/config.js-generated-other-entry.js
<s> [webpack.Progress] 10% building 5/11 modules 6 active /Users/saraaoki/Documents/GitHub/react-todolist/node_modules/@storybook/addon-docs/dist/frameworks/react/config.js-generated-other-entry.js
<s> [webpack.Progress] 10% building 6/11 modules 5 active /Users/saraaoki/Documents/GitHub/react-todolist/node_modules/@storybook/addon-docs/dist/frameworks/react/config.js-generated-other-entry.js
<s> [webpack.Progress] 10% building 7/11 modules 4 active /Users/saraaoki/Documents/GitHub/react-todolist/node_modules/@storybook/addon-docs/dist/frameworks/react/config.js-generated-other-entry.js
<s> [webpack.Progress] 10% building 8/11 modules 3 active /Users/saraaoki/Documents/GitHub/react-todolist/node_modules/react-scripts/node_modules/babel-loader/lib/index.js??ref--9-oneOf-2!/Users/saraaoki/Documents/GitHub/react-todolist/.storybook/generated-stories-entry.js
<s> [webpack.Progress] 10% building 8/12 modules 4 active /Users/saraaoki/Documents/GitHub/react-todolist/node_modules/@storybook/core/dist/server/common/polyfills.js
<s> [webpack.Progress] 10% building 8/13 modules 5 active /Users/saraaoki/Documents/GitHub/react-todolist/node_modules/@storybook/core/dist/server/preview/globals.js
<s> [webpack.Progress] 10% building 8/14 modules 6 active /Users/saraaoki/Documents/GitHub/react-todolist/node_modules/@storybook/addon-links/dist/preset/addDecorator.js
<s> [webpack.Progress] 10% building 8/15 modules 7 active /Users/saraaoki/Documents/GitHub/react-todolist/node_modules/@storybook/addon-backgrounds/dist/preset/addDecorator.js
<s> [webpack.Progress] 10% building 8/16 modules 8 active /Users/saraaoki/Documents/GitHub/react-todolist/node_modules/@storybook/addon-backgrounds/dist/preset/addParameter.js
<s> [webpack.Progress] 10% building 8/17 modules 9 active /Users/saraaoki/Documents/GitHub/react-todolist/node_modules/@storybook/addon-actions/dist/preset/addDecorator.js
<s> [webpack.Progress] 10% building 8/18 modules 10 active /Users/saraaoki/Documents/GitHub/react-todolist/node_modules/@storybook/addon-actions/dist/preset/addArgs.js
<s> [webpack.Progress] 10% building 8/19 modules 11 active /Users/saraaoki/Documents/GitHub/react-todolist/node_modules/@storybook/addon-docs/dist/frameworks/common/config.js
<s> [webpack.Progress] 10% building 8/20 modules 12 active /Users/saraaoki/Documents/GitHub/react-todolist/node_modules/@storybook/addon-docs/dist/frameworks/react/config.js
<s> [webpack.Progress] 11% building 9/20 modules 11 active /Users/saraaoki/Documents/GitHub/react-todolist/node_modules/@storybook/addon-docs/dist/frameworks/react/config.js
<s> [webpack.Progress] 11% building 10/20 modules 10 active /Users/saraaoki/Documents/GitHub/react-todolist/node_modules/@storybook/addon-docs/dist/frameworks/react/config.js
<s> [webpack.Progress] 11% building 11/20 modules 9 active /Users/saraaoki/Documents/GitHub/react-todolist/node_modules/@storybook/addon-docs/dist/frameworks/react/config.js
<s> [webpack.Progress] 11% building 12/20 modules 8 active /Users/saraaoki/Documents/GitHub/react-todolist/node_modules/@storybook/addon-docs/dist/frameworks/react/config.js
<s> [webpack.Progress] 11% building 13/20 modules 7 active /Users/saraaoki/Documents/GitHub/react-todolist/node_modules/@storybook/addon-docs/dist/frameworks/react/config.js
<s> [webpack.Progress] 11% building 14/20 modules 6 active /Users/saraaoki/Documents/GitHub/react-todolist/node_modules/@storybook/addon-docs/dist/frameworks/common/config.js
<s> [webpack.Progress] 11% building 15/20 modules 5 active /Users/saraaoki/Documents/GitHub/react-todolist/node_modules/@storybook/addon-actions/dist/preset/addDecorator.js
<s> [webpack.Progress] 11% building 16/20 modules 4 active /Users/saraaoki/Documents/GitHub/react-todolist/node_modules/@storybook/addon-links/dist/preset/addDecorator.js
<s> [webpack.Progress] 12% building 17/20 modules 3 active /Users/saraaoki/Documents/GitHub/react-todolist/node_modules/react-scripts/node_modules/babel-loader/lib/index.js??ref--9-oneOf-2!/Users/saraaoki/Documents/GitHub/react-todolist/.storybook/generated-stories-entry.js
<s> [webpack.Progress] 12% building 18/20 modules 2 active /Users/saraaoki/Documents/GitHub/react-todolist/node_modules/react-scripts/node_modules/babel-loader/lib/index.js??ref--9-oneOf-2!/Users/saraaoki/Documents/GitHub/react-todolist/.storybook/generated-stories-entry.js
<s> [webpack.Progress] 12% building 19/20 modules 1 active /Users/saraaoki/Documents/GitHub/react-todolist/node_modules/react-scripts/node_modules/babel-loader/lib/index.js??ref--9-oneOf-2!/Users/saraaoki/Documents/GitHub/react-todolist/.storybook/storybook-init-framework-entry.js
<s> [webpack.Progress] 12% building 20/20 modules 0 active 
<s> [webpack.Progress] 12% building 20/21 modules 1 active /Users/saraaoki/Documents/GitHub/react-todolist/node_modules/react-scripts/node_modules/babel-loader/lib/index.js??ref--9-oneOf-2!/Users/saraaoki/Documents/GitHub/react-todolist/.storybook/preview.js
<s> [webpack.Progress] 12% building 20/22 modules 2 active /Users/saraaoki/Documents/GitHub/react-todolist/src/components sync /^\.(?:(?:^|\/|(?:(?:(?!(?:^|\/)\.).)*?)\/)(?!\.)(?=.)[^/]*?\.stories\.js)$/
<s> [webpack.Progress] 12% building 21/22 modules 1 active /Users/saraaoki/Documents/GitHub/react-todolist/node_modules/react-scripts/node_modules/babel-loader/lib/index.js??ref--9-oneOf-2!/Users/saraaoki/Documents/GitHub/react-todolist/.storybook/preview.js
<s> [webpack.Progress] 12% building 21/23 modules 2 active /Users/saraaoki/Documents/GitHub/react-todolist/node_modules/@storybook/addon-actions/dist/index.js
<s> [webpack.Progress] 12% building 21/24 modules 3 active /Users/saraaoki/Documents/GitHub/react-todolist/node_modules/@storybook/addon-docs/dist/frameworks/react/extractArgTypes.js
<s> [webpack.Progress] 12% building 21/25 modules 4 active /Users/saraaoki/Documents/GitHub/react-todolist/node_modules/@storybook/addon-docs/dist/frameworks/react/jsxDecorator.js
<s> [webpack.Progress] 12% building 21/26 modules 5 active /Users/saraaoki/Documents/GitHub/react-todolist/node_modules/@storybook/addon-docs/dist/frameworks/common/enhanceArgTypes.js
<s> [webpack.Progress] 12% building 21/27 modules 6 active /Users/saraaoki/Documents/GitHub/react-todolist/node_modules/@storybook/addon-links/dist/index.js
<s> [webpack.Progress] 12% building 21/28 modules 7 active /Users/saraaoki/Documents/GitHub/react-todolist/node_modules/webpack/buildin/module.js
<s> [webpack.Progress] 12% building 22/28 modules 6 active /Users/saraaoki/Documents/GitHub/react-todolist/node_modules/webpack/buildin/module.js
<s> [webpack.Progress] 12% building 23/28 modules 5 active /Users/saraaoki/Documents/GitHub/react-todolist/node_modules/webpack/buildin/module.js
<s> [webpack.Progress] 12% building 24/28 modules 4 active /Users/saraaoki/Documents/GitHub/react-todolist/node_modules/webpack/buildin/module.js
<s> [webpack.Progress] 13% building 25/28 modules 3 active /Users/saraaoki/Documents/GitHub/react-todolist/node_modules/webpack/buildin/module.js
<s> [webpack.Progress] 13% building 26/28 modules 2 active /Users/saraaoki/Documents/GitHub/react-todolist/node_modules/webpack/buildin/module.js
<s> [webpack.Progress] 13% building 27/28 modules 1 active /Users/saraaoki/Documents/GitHub/react-todolist/node_modules/webpack/buildin/module.js
<s> [webpack.Progress] 13% building 28/28 modules 0 active 
<s> [webpack.Progress] 13% building 28/29 modules 1 active /Users/saraaoki/Documents/GitHub/react-todolist/node_modules/@storybook/client-logger/dist/index.js
<s> [webpack.Progress] 13% building 28/30 modules 2 active /Users/saraaoki/Documents/GitHub/react-todolist/node_modules/@storybook/client-api/dist/index.js
<s> [webpack.Progress] 13% building 28/31 modules 3 active /Users/saraaoki/Documents/GitHub/react-todolist/node_modules/react-scripts/node_modules/babel-loader/lib/index.js??ref--9-oneOf-2!/Users/saraaoki/Documents/GitHub/react-todolist/node_modules/@storybook/source-loader/dist/index.js??ref--7!/Users/saraaoki/Documents/GitHub/react-todolist/src/components/InboxScreen.stories.js
<s> [webpack.Progress] 13% building 28/32 modules 4 active /Users/saraaoki/Documents/GitHub/react-todolist/node_modules/react-scripts/node_modules/babel-loader/lib/index.js??ref--9-oneOf-2!/Users/saraaoki/Documents/GitHub/react-todolist/node_modules/@storybook/source-loader/dist/index.js??ref--7!/Users/saraaoki/Documents/GitHub/react-todolist/src/components/Task.stories.js
<s> [webpack.Progress] 13% building 28/33 modules 5 active /Users/saraaoki/Documents/GitHub/react-todolist/node_modules/react-scripts/node_modules/babel-loader/lib/index.js??ref--9-oneOf-2!/Users/saraaoki/Documents/GitHub/react-todolist/node_modules/@storybook/source-loader/dist/index.js??ref--7!/Users/saraaoki/Documents/GitHub/react-todolist/src/components/TaskList.stories.js
<s> [webpack.Progress] 13% building 28/34 modules 6 active /Users/saraaoki/Documents/GitHub/react-todolist/node_modules/regenerator-runtime/runtime.js
<s> [webpack.Progress] 13% building 28/35 modules 7 active /Users/saraaoki/Documents/GitHub/react-todolist/node_modules/lodash/mapValues.js
<s> [webpack.Progress] 13% building 29/35 modules 6 active /Users/saraaoki/Documents/GitHub/react-todolist/node_modules/lodash/mapValues.js
<s> [webpack.Progress] 13% building 30/35 modules 5 active /Users/saraaoki/Documents/GitHub/react-todolist/node_modules/lodash/mapValues.js
<s> [webpack.Progress] 13% building 30/36 modules 6 active /Users/saraaoki/Documents/GitHub/react-todolist/node_modules/core-js/modules/es.object.assign.js
<s> [webpack.Progress] 13% building 30/37 modules 7 active /Users/saraaoki/Documents/GitHub/react-todolist/node_modules/core-js/modules/es.regexp.constructor.js
<s> [webpack.Progress] 13% building 30/38 modules 8 active /Users/saraaoki/Documents/GitHub/react-todolist/node_modules/core-js/modules/es.regexp.exec.js
<s> [webpack.Progress] 13% building 30/39 modules 9 active /Users/saraaoki/Documents/GitHub/react-todolist/node_modules/core-js/modules/es.regexp.to-string.js
<s> [webpack.Progress] 13% building 31/39 modules 8 active /Users/saraaoki/Documents/GitHub/react-todolist/node_modules/core-js/modules/es.regexp.to-string.js
<s> [webpack.Progress] 13% building 31/40 modules 9 active /Users/saraaoki/Documents/GitHub/react-todolist/node_modules/global/window.js
<s> [webpack.Progress] 13% building 31/41 modules 10 active /Users/saraaoki/Documents/GitHub/react-todolist/node_modules/airbnb-js-shims/index.js
<s> [webpack.Progress] 13% building 32/41 modules 9 active /Users/saraaoki/Documents/GitHub/react-todolist/node_modules/airbnb-js-shims/index.js
<s> [webpack.Progress] 13% building 32/42 modules 10 active /Users/saraaoki/Documents/GitHub/react-todolist/node_modules/@storybook/addon-actions/dist/constants.js
<s> [webpack.Progress] 13% building 32/43 modules 11 active /Users/saraaoki/Documents/GitHub/react-todolist/node_modules/@storybook/addon-docs/dist/frameworks/react/extractProps.js
<s> [webpack.Progress] 13% building 32/44 modules 12 active /Users/saraaoki/Documents/GitHub/react-todolist/node_modules/@storybook/addon-docs/dist/shared.js
<s> [webpack.Progress] 13% building 32/45 modules 13 active /Users/saraaoki/Documents/GitHub/react-todolist/node_modules/core-js/modules/es.array.slice.js
<s> [webpack.Progress] 13% building 32/46 modules 14 active /Users/saraaoki/Documents/GitHub/react-todolist/node_modules/core-js/modules/es.object.define-properties.js
<s> [webpack.Progress] 13% building 32/47 modules 15 active /Users/saraaoki/Documents/GitHub/react-todolist/node_modules/core-js/modules/es.object.freeze.js
<s> [webpack.Progress] 13% building 32/48 modules 16 active /Users/saraaoki/Documents/GitHub/react-todolist/node_modules/core-js/modules/es.string.replace.js
<s> [webpack.Progress] 13% building 32/49 modules 17 active /Users/saraaoki/Documents/GitHub/react-todolist/node_modules/@storybook/addon-docs/dist/frameworks/common/normalizeArgTypes.js
<s> [webpack.Progress] 13% building 32/50 modules 18 active /Users/saraaoki/Documents/GitHub/react-todolist/node_modules/mini-css-extract-plugin/dist/loader.js??ref--9-oneOf-4-0!/Users/saraaoki/Documents/GitHub/react-todolist/node_modules/css-loader/dist/cjs.js??ref--9-oneOf-4-1!/Users/saraaoki/Documents/GitHub/react-todolist/node_modules/postcss-loader/src/index.js??postcss!/Users/saraaoki/Documents/GitHub/react-todolist/src/index.css
<s> [webpack.Progress] 13% building 32/51 modules 19 active /Users/saraaoki/Documents/GitHub/react-todolist/node_modules/@storybook/addon-links/dist/preview.js
<s> [webpack.Progress] 13% building 33/51 modules 18 active /Users/saraaoki/Documents/GitHub/react-todolist/node_modules/@storybook/addon-links/dist/preview.js
<s> [webpack.Progress] 14% building 34/51 modules 17 active /Users/saraaoki/Documents/GitHub/react-todolist/node_modules/@storybook/addon-links/dist/preview.js
<s> [webpack.Progress] 14% building 35/51 modules 16 active /Users/saraaoki/Documents/GitHub/react-todolist/node_modules/@storybook/addon-links/dist/preview.js
<s> [webpack.Progress] 14% building 36/51 modules 15 active /Users/saraaoki/Documents/GitHub/react-todolist/node_modules/@storybook/addon-links/dist/preview.js
<s> [webpack.Progress] 14% building 37/51 modules 14 active /Users/saraaoki/Documents/GitHub/react-todolist/node_modules/@storybook/addon-links/dist/preview.js
<s> [webpack.Progress] 14% building 38/51 modules 13 active /Users/saraaoki/Documents/GitHub/react-todolist/node_modules/@storybook/addon-links/dist/preview.js
<s> [webpack.Progress] 14% building 39/51 modules 12 active /Users/saraaoki/Documents/GitHub/react-todolist/node_modules/@storybook/addon-links/dist/preview.js
<s> [webpack.Progress] 14% building 39/52 modules 13 active /Users/saraaoki/Documents/GitHub/react-todolist/node_modules/@storybook/addon-backgrounds/dist/decorators/index.js
<s> [webpack.Progress] 14% building 40/52 modules 12 active /Users/saraaoki/Documents/GitHub/react-todolist/node_modules/@storybook/addon-backgrounds/dist/decorators/index.js
<s> [webpack.Progress] 14% building 41/52 modules 11 active /Users/saraaoki/Documents/GitHub/react-todolist/node_modules/@storybook/addon-backgrounds/dist/decorators/index.js
<s> [webpack.Progress] 14% building 41/53 modules 12 active /Users/saraaoki/Documents/GitHub/react-todolist/node_modules/@storybook/addon-docs/dist/blocks/index.js
<s> [webpack.Progress] 15% building 42/53 modules 11 active /Users/saraaoki/Documents/GitHub/react-todolist/node_modules/@storybook/addon-docs/dist/blocks/index.js
<s> [webpack.Progress] 15% building 43/53 modules 10 active /Users/saraaoki/Documents/GitHub/react-todolist/node_modules/@storybook/addon-docs/dist/blocks/index.js
<s> [webpack.Progress] 15% building 44/53 modules 9 active /Users/saraaoki/Documents/GitHub/react-todolist/node_modules/@storybook/addon-docs/dist/blocks/index.js
<s> [webpack.Progress] 15% building 45/53 modules 8 active /Users/saraaoki/Documents/GitHub/react-todolist/node_modules/@storybook/addon-docs/dist/blocks/index.js
<s> [webpack.Progress] 15% building 46/53 modules 7 active /Users/saraaoki/Documents/GitHub/react-todolist/node_modules/@storybook/addon-docs/dist/blocks/index.js
<s> [webpack.Progress] 15% building 47/53 modules 6 active /Users/saraaoki/Documents/GitHub/react-todolist/node_modules/@storybook/addon-docs/dist/blocks/index.js
<s> [webpack.Progress] 15% building 48/53 modules 5 active /Users/saraaoki/Documents/GitHub/react-todolist/node_modules/@storybook/addon-docs/dist/blocks/index.js
<s> [webpack.Progress] 15% building 49/53 modules 4 active /Users/saraaoki/Documents/GitHub/react-todolist/node_modules/@storybook/addon-docs/dist/blocks/index.js
<s> [webpack.Progress] 16% building 50/53 modules 3 active /Users/saraaoki/Documents/GitHub/react-todolist/node_modules/@storybook/addon-docs/dist/blocks/index.js
<s> [webpack.Progress] 16% building 50/54 modules 4 active /Users/saraaoki/Documents/GitHub/react-todolist/node_modules/@storybook/react/dist/client/index.js
<s> [webpack.Progress] 16% building 50/55 modules 5 active /Users/saraaoki/Documents/GitHub/react-todolist/node_modules/@storybook/addon-docs/dist/lib/docgen/index.js
<s> [webpack.Progress] 16% building 50/56 modules 6 active /Users/saraaoki/Documents/GitHub/react-todolist/node_modules/webpack/buildin/global.js
<s> [webpack.Progress] 16% building 51/56 modules 5 active /Users/saraaoki/Documents/GitHub/react-todolist/node_modules/webpack/buildin/global.js
<s> [webpack.Progress] 16% building 51/57 modules 6 active /Users/saraaoki/Documents/GitHub/react-todolist/node_modules/core-js/modules/es.array.concat.js
<s> [webpack.Progress] 16% building 51/58 modules 7 active /Users/saraaoki/Documents/GitHub/react-todolist/node_modules/@storybook/client-api/dist/decorators.js
<s> [webpack.Progress] 16% building 51/59 modules 8 active /Users/saraaoki/Documents/GitHub/react-todolist/node_modules/@storybook/client-api/dist/client_api.js
<s> [webpack.Progress] 16% building 51/60 modules 9 active /Users/saraaoki/Documents/GitHub/react-todolist/node_modules/@storybook/client-api/dist/parameters.js
<s> [webpack.Progress] 16% building 51/61 modules 10 active /Users/saraaoki/Documents/GitHub/react-todolist/node_modules/@storybook/client-api/dist/story_store.js
<s> [webpack.Progress] 16% building 51/62 modules 11 active /Users/saraaoki/Documents/GitHub/react-todolist/node_modules/@storybook/client-api/dist/pathToId.js
<s> [webpack.Progress] 16% building 51/63 modules 12 active /Users/saraaoki/Documents/GitHub/react-todolist/node_modules/@storybook/client-api/dist/simulate-pageload.js
<s> [webpack.Progress] 16% building 51/64 modules 13 active /Users/saraaoki/Documents/GitHub/react-todolist/node_modules/@storybook/client-api/dist/config_api.js
<s> [webpack.Progress] 16% building 51/65 modules 14 active /Users/saraaoki/Documents/GitHub/react-todolist/node_modules/@storybook/client-api/dist/queryparams.js
<s> [webpack.Progress] 16% building 51/66 modules 15 active /Users/saraaoki/Documents/GitHub/react-todolist/node_modules/@storybook/client-api/dist/hooks.js
<s> [webpack.Progress] 16% building 51/67 modules 16 active /Users/saraaoki/Documents/GitHub/react-todolist/node_modules/@storybook/client-api/dist/types.js
<s> [webpack.Progress] 16% building 51/68 modules 17 active /Users/saraaoki/Documents/GitHub/react-todolist/node_modules/@storybook/client-api/dist/inferControls.js
<s> [webpack.Progress] 16% building 52/68 modules 16 active /Users/saraaoki/Documents/GitHub/react-todolist/node_modules/@storybook/client-api/dist/inferControls.js
<s> [webpack.Progress] 16% building 53/68 modules 15 active /Users/saraaoki/Documents/GitHub/react-todolist/node_modules/@storybook/client-api/dist/inferControls.js
<s> [webpack.Progress] 16% building 54/68 modules 14 active /Users/saraaoki/Documents/GitHub/react-todolist/node_modules/@storybook/client-api/dist/inferControls.js
<s> [webpack.Progress] 16% building 55/68 modules 13 active /Users/saraaoki/Documents/GitHub/react-todolist/node_modules/@storybook/client-api/dist/inferControls.js
<s> [webpack.Progress] 16% building 55/69 modules 14 active /Users/saraaoki/Documents/GitHub/react-todolist/node_modules/core-js/features/symbol/index.js
<s> [webpack.Progress] 16% building 55/70 modules 15 active /Users/saraaoki/Documents/GitHub/react-todolist/node_modules/core-js/modules/es.function.name.js
<s> [webpack.Progress] 16% building 55/71 modules 16 active /Users/saraaoki/Documents/GitHub/react-todolist/node_modules/core-js/modules/es.array.reduce.js
<s> [webpack.Progress] 16% building 55/72 modules 17 active /Users/saraaoki/Documents/GitHub/react-todolist/node_modules/core-js/modules/es.array.map.js
<s> [webpack.Progress] 16% building 55/73 modules 18 active /Users/saraaoki/Documents/GitHub/react-todolist/node_modules/core-js/modules/es.array.for-each.js
<s> [webpack.Progress] 16% building 55/74 modules 19 active /Users/saraaoki/Documents/GitHub/react-todolist/node_modules/core-js/modules/es.array.join.js
<s> [webpack.Progress] 16% building 55/75 modules 20 active /Users/saraaoki/Documents/GitHub/react-todolist/node_modules/core-js/modules/es.date.to-string.js
<s> [webpack.Progress] 16% building 55/76 modules 21 active /Users/saraaoki/Documents/GitHub/react-todolist/node_modules/core-js/modules/es.string.match.js
<s> [webpack.Progress] 16% building 55/77 modules 22 active /Users/saraaoki/Documents/GitHub/react-todolist/node_modules/core-js/modules/es.object.to-string.js
<s> [webpack.Progress] 16% building 55/78 modules 23 active /Users/saraaoki/Documents/GitHub/react-todolist/node_modules/lodash/_baseAssignValue.js
<s> [webpack.Progress] 16% building 55/79 modules 24 active /Users/saraaoki/Documents/GitHub/react-todolist/node_modules/lodash/_baseForOwn.js
<s> [webpack.Progress] 16% building 55/80 modules 25 active /Users/saraaoki/Documents/GitHub/react-todolist/node_modules/lodash/_baseIteratee.js
<s> [webpack.Progress] 16% building 55/81 modules 26 active /Users/saraaoki/Documents/GitHub/react-todolist/node_modules/core-js/modules/web.dom-collections.for-each.js
<s> [webpack.Progress] 16% building 56/81 modules 25 active /Users/saraaoki/Documents/GitHub/react-todolist/node_modules/core-js/modules/web.dom-collections.for-each.js
<s> [webpack.Progress] 16% building 57/81 modules 24 active /Users/saraaoki/Documents/GitHub/react-todolist/node_modules/core-js/modules/web.dom-collections.for-each.js
<s> [webpack.Progress] 16% building 58/81 modules 23 active /Users/saraaoki/Documents/GitHub/react-todolist/node_modules/core-js/modules/web.dom-collections.for-each.js
<s> [webpack.Progress] 17% building 59/81 modules 22 active /Users/saraaoki/Documents/GitHub/react-todolist/node_modules/core-js/modules/web.dom-collections.for-each.js
<s> [webpack.Progress] 17% building 60/81 modules 21 active /Users/saraaoki/Documents/GitHub/react-todolist/node_modules/core-js/modules/web.dom-collections.for-each.js
<s> [webpack.Progress] 17% building 61/81 modules 20 active /Users/saraaoki/Documents/GitHub/react-todolist/node_modules/core-js/modules/web.dom-collections.for-each.js
<s> [webpack.Progress] 17% building 62/81 modules 19 active /Users/saraaoki/Documents/GitHub/react-todolist/node_modules/core-js/modules/web.dom-collections.for-each.js
<s> [webpack.Progress] 17% building 63/81 modules 18 active /Users/saraaoki/Documents/GitHub/react-todolist/node_modules/core-js/modules/web.dom-collections.for-each.js
<s> [webpack.Progress] 17% building 64/81 modules 17 active /Users/saraaoki/Documents/GitHub/react-todolist/node_modules/core-js/modules/web.dom-collections.for-each.js
<s> [webpack.Progress] 17% building 65/81 modules 16 active /Users/saraaoki/Documents/GitHub/react-todolist/node_modules/core-js/modules/web.dom-collections.for-each.js
<s> [webpack.Progress] 17% building 66/81 modules 15 active /Users/saraaoki/Documents/GitHub/react-todolist/node_modules/core-js/modules/web.dom-collections.for-each.js
<s> [webpack.Progress] 18% building 67/81 modules 14 active /Users/saraaoki/Documents/GitHub/react-todolist/node_modules/core-js/modules/web.dom-collections.for-each.js
<s> [webpack.Progress] 18% building 67/82 modules 15 active /Users/saraaoki/Documents/GitHub/react-todolist/node_modules/react-scripts/node_modules/babel-loader/lib/index.js??ref--9-oneOf-2!/Users/saraaoki/Documents/GitHub/react-todolist/src/components/InboxScreen.js
<s> [webpack.Progress] 18% building 67/83 modules 16 active /Users/saraaoki/Documents/GitHub/react-todolist/node_modules/react-scripts/node_modules/babel-loader/lib/index.js??ref--9-oneOf-2!/Users/saraaoki/Documents/GitHub/react-todolist/src/components/TaskList.js
<s> [webpack.Progress] 18% building 67/84 modules 17 active /Users/saraaoki/Documents/GitHub/react-todolist/node_modules/react/index.js
<s> [webpack.Progress] 18% building 67/85 modules 18 active /Users/saraaoki/Documents/GitHub/react-todolist/node_modules/util-deprecate/browser.js
<s> [webpack.Progress] 18% building 67/86 modules 19 active /Users/saraaoki/Documents/GitHub/react-todolist/node_modules/react/jsx-runtime.js
<s> [webpack.Progress] 18% building 68/86 modules 18 active /Users/saraaoki/Documents/GitHub/react-todolist/node_modules/react/jsx-runtime.js
<s> [webpack.Progress] 18% building 69/86 modules 17 active /Users/saraaoki/Documents/GitHub/react-todolist/node_modules/react/jsx-runtime.js
<s> [webpack.Progress] 18% building 70/86 modules 16 active /Users/saraaoki/Documents/GitHub/react-todolist/node_modules/react/jsx-runtime.js
<s> [webpack.Progress] 18% building 71/86 modules 15 active /Users/saraaoki/Documents/GitHub/react-todolist/node_modules/react/jsx-runtime.js
<s> [webpack.Progress] 18% building 72/86 modules 14 active /Users/saraaoki/Documents/GitHub/react-todolist/node_modules/react/jsx-runtime.js
<s> [webpack.Progress] 18% building 73/86 modules 13 active /Users/saraaoki/Documents/GitHub/react-todolist/node_modules/react/jsx-runtime.js
<s> [webpack.Progress] 18% building 74/86 modules 12 active /Users/saraaoki/Documents/GitHub/react-todolist/node_modules/react/jsx-runtime.js
<s> [webpack.Progress] 18% building 74/87 modules 13 active /Users/saraaoki/Documents/GitHub/react-todolist/node_modules/core-js/internals/descriptors.js
<s> [webpack.Progress] 18% building 74/88 modules 14 active /Users/saraaoki/Documents/GitHub/react-todolist/node_modules/core-js/internals/is-forced.js
<s> [webpack.Progress] 18% building 74/89 modules 15 active /Users/saraaoki/Documents/GitHub/react-todolist/node_modules/core-js/internals/global.js
<s> [webpack.Progress] 18% building 74/90 modules 16 active /Users/saraaoki/Documents/GitHub/react-todolist/node_modules/core-js/internals/object-define-property.js
<s> [webpack.Progress] 18% building 74/91 modules 17 active /Users/saraaoki/Documents/GitHub/react-todolist/node_modules/core-js/internals/object-get-own-property-names.js
<s> [webpack.Progress] 18% building 74/92 modules 18 active /Users/saraaoki/Documents/GitHub/react-todolist/node_modules/core-js/internals/inherit-if-required.js
<s> [webpack.Progress] 18% building 74/93 modules 19 active /Users/saraaoki/Documents/GitHub/react-todolist/node_modules/core-js/internals/regexp-flags.js
<s> [webpack.Progress] 18% building 74/94 modules 20 active /Users/saraaoki/Documents/GitHub/react-todolist/node_modules/core-js/internals/is-regexp.js
<s> [webpack.Progress] 18% building 74/95 modules 21 active /Users/saraaoki/Documents/GitHub/react-todolist/node_modules/core-js/internals/redefine.js
<s> [webpack.Progress] 18% building 74/96 modules 22 active /Users/saraaoki/Documents/GitHub/react-todolist/node_modules/core-js/internals/regexp-sticky-helpers.js
<s> [webpack.Progress] 18% building 74/97 modules 23 active /Users/saraaoki/Documents/GitHub/react-todolist/node_modules/core-js/internals/internal-state.js
<s> [webpack.Progress] 18% building 74/98 modules 24 active /Users/saraaoki/Documents/GitHub/react-todolist/node_modules/core-js/internals/fails.js
<s> [webpack.Progress] 18% building 74/99 modules 25 active /Users/saraaoki/Documents/GitHub/react-todolist/node_modules/core-js/internals/set-species.js
<s> [webpack.Progress] 18% building 74/100 modules 26 active /Users/saraaoki/Documents/GitHub/react-todolist/node_modules/core-js/internals/well-known-symbol.js
<s> [webpack.Progress] 18% building 74/101 modules 27 active /Users/saraaoki/Documents/GitHub/react-todolist/node_modules/core-js/internals/export.js
<s> [webpack.Progress] 18% building 74/102 modules 28 active /Users/saraaoki/Documents/GitHub/react-todolist/node_modules/core-js/internals/an-object.js
<s> [webpack.Progress] 18% building 74/103 modules 29 active /Users/saraaoki/Documents/GitHub/react-todolist/node_modules/core-js/internals/object-assign.js
<s> [webpack.Progress] 18% building 74/104 modules 30 active /Users/saraaoki/Documents/GitHub/react-todolist/node_modules/core-js/internals/regexp-exec.js
<s> [webpack.Progress] 19% building 75/104 modules 29 active /Users/saraaoki/Documents/GitHub/react-todolist/node_modules/core-js/internals/regexp-exec.js
<s> [webpack.Progress] 19% building 76/104 modules 28 active /Users/saraaoki/Documents/GitHub/react-todolist/node_modules/core-js/internals/regexp-exec.js
<s> [webpack.Progress] 19% building 77/104 modules 27 active /Users/saraaoki/Documents/GitHub/react-todolist/node_modules/core-js/internals/regexp-exec.js
<s> [webpack.Progress] 19% building 78/104 modules 26 active /Users/saraaoki/Documents/GitHub/react-todolist/node_modules/core-js/internals/regexp-exec.js
<s> [webpack.Progress] 19% building 79/104 modules 25 active /Users/saraaoki/Documents/GitHub/react-todolist/node_modules/core-js/internals/regexp-exec.js
<s> [webpack.Progress] 19% building 80/104 modules 24 active /Users/saraaoki/Documents/GitHub/react-todolist/node_modules/core-js/internals/regexp-exec.js
<s> [webpack.Progress] 19% building 80/105 modules 25 active /Users/saraaoki/Documents/GitHub/react-todolist/node_modules/core-js/internals/fix-regexp-well-known-symbol-logic.js
<s> [webpack.Progress] 19% building 80/106 modules 26 active /Users/saraaoki/Documents/GitHub/react-todolist/node_modules/ts-dedent/dist/index.js
<s> [webpack.Progress] 19% building 80/107 modules 27 active /Users/saraaoki/Documents/GitHub/react-todolist/node_modules/@storybook/addons/dist/public_api.js
<s> [webpack.Progress] 19% building 80/108 modules 28 active /Users/saraaoki/Documents/GitHub/react-todolist/node_modules/core-js/modules/es.symbol.js
<s> [webpack.Progress] 19% building 80/109 modules 29 active /Users/saraaoki/Documents/GitHub/react-todolist/node_modules/@storybook/addon-links/dist/constants.js
<s> [webpack.Progress] 19% building 80/110 modules 30 active /Users/saraaoki/Documents/GitHub/react-todolist/node_modules/airbnb-js-shims/target/es5.js
<s> [webpack.Progress] 19% building 81/110 modules 29 active /Users/saraaoki/Documents/GitHub/react-todolist/node_modules/airbnb-js-shims/target/es5.js
<s> [webpack.Progress] 19% building 81/111 modules 30 active /Users/saraaoki/Documents/GitHub/react-todolist/node_modules/react-element-to-jsx-string/dist/cjs/index.js
<s> [webpack.Progress] 19% building 82/111 modules 29 active /Users/saraaoki/Documents/GitHub/react-todolist/node_modules/react-element-to-jsx-string/dist/cjs/index.js
<s> [webpack.Progress] 19% building 82/112 modules 30 active /Users/saraaoki/Documents/GitHub/react-todolist/node_modules/@storybook/addon-actions/dist/models/index.js
<s> [webpack.Progress] 19% building 82/113 modules 31 active /Users/saraaoki/Documents/GitHub/react-todolist/node_modules/@storybook/addon-actions/dist/preview/index.js
<s> [webpack.Progress] 19% building 83/113 modules 30 active /Users/saraaoki/Documents/GitHub/react-todolist/node_modules/@storybook/addon-actions/dist/preview/index.js
<s> [webpack.Progress] 19% building 83/114 modules 31 active /Users/saraaoki/Documents/GitHub/react-todolist/node_modules/@storybook/addon-backgrounds/dist/decorators/withBackground.js
<s> [webpack.Progress] 20% building 84/114 modules 30 active /Users/saraaoki/Documents/GitHub/react-todolist/node_modules/@storybook/addon-backgrounds/dist/decorators/withBackground.js
<s> [webpack.Progress] 20% building 85/114 modules 29 active /Users/saraaoki/Documents/GitHub/react-todolist/node_modules/@storybook/addon-backgrounds/dist/decorators/withBackground.js
<s> [webpack.Progress] 20% building 86/114 modules 28 active /Users/saraaoki/Documents/GitHub/react-todolist/node_modules/@storybook/addon-backgrounds/dist/decorators/withBackground.js
<s> [webpack.Progress] 20% building 87/114 modules 27 active /Users/saraaoki/Documents/GitHub/react-todolist/node_modules/@storybook/addon-backgrounds/dist/decorators/withBackground.js
<s> [webpack.Progress] 20% building 88/114 modules 26 active /Users/saraaoki/Documents/GitHub/react-todolist/node_modules/@storybook/addon-backgrounds/dist/decorators/withBackground.js
<s> [webpack.Progress] 20% building 89/114 modules 25 active /Users/saraaoki/Documents/GitHub/react-todolist/node_modules/@storybook/addon-backgrounds/dist/decorators/withBackground.js
<s> [webpack.Progress] 20% building 90/114 modules 24 active /Users/saraaoki/Documents/GitHub/react-todolist/node_modules/@storybook/addon-backgrounds/dist/decorators/withBackground.js
<s> [webpack.Progress] 20% building 91/114 modules 23 active /Users/saraaoki/Documents/GitHub/react-todolist/node_modules/@storybook/addon-backgrounds/dist/decorators/withBackground.js
<s> [webpack.Progress] 21% building 92/114 modules 22 active /Users/saraaoki/Documents/GitHub/react-todolist/node_modules/@storybook/addon-backgrounds/dist/decorators/withBackground.js
<s> [webpack.Progress] 21% building 93/114 modules 21 active /Users/saraaoki/Documents/GitHub/react-todolist/node_modules/@storybook/addon-backgrounds/dist/decorators/withBackground.js
<s> [webpack.Progress] 21% building 94/114 modules 20 active /Users/saraaoki/Documents/GitHub/react-todolist/node_modules/@storybook/addon-backgrounds/dist/decorators/withBackground.js
<s> [webpack.Progress] 21% building 95/114 modules 19 active /Users/saraaoki/Documents/GitHub/react-todolist/node_modules/@storybook/addon-backgrounds/dist/decorators/withBackground.js
<s> [webpack.Progress] 21% building 96/114 modules 18 active /Users/saraaoki/Documents/GitHub/react-todolist/node_modules/@storybook/addon-backgrounds/dist/decorators/withBackground.js
<s> [webpack.Progress] 21% building 97/114 modules 17 active /Users/saraaoki/Documents/GitHub/react-todolist/node_modules/@storybook/addon-backgrounds/dist/decorators/withBackground.js
<s> [webpack.Progress] 21% building 98/114 modules 16 active /Users/saraaoki/Documents/GitHub/react-todolist/node_modules/@storybook/addon-backgrounds/dist/decorators/withBackground.js
<s> [webpack.Progress] 21% building 99/114 modules 15 active /Users/saraaoki/Documents/GitHub/react-todolist/node_modules/@storybook/addon-backgrounds/dist/decorators/withBackground.js
<s> [webpack.Progress] 22% building 100/114 modules 14 active /Users/saraaoki/Documents/GitHub/react-todolist/node_modules/@storybook/addon-backgrounds/dist/decorators/withBackground.js
<s> [webpack.Progress] 22% building 101/114 modules 13 active /Users/saraaoki/Documents/GitHub/react-todolist/node_modules/@storybook/addon-backgrounds/dist/decorators/withBackground.js
<s> [webpack.Progress] 22% building 101/115 modules 14 active /Users/saraaoki/Documents/GitHub/react-todolist/node_modules/@storybook/addon-docs/dist/frameworks/react/lib/index.js
<s> [webpack.Progress] 22% building 102/115 modules 13 active /Users/saraaoki/Documents/GitHub/react-todolist/node_modules/@storybook/addon-docs/dist/frameworks/react/lib/index.js
<s> [webpack.Progress] 22% building 103/115 modules 12 active /Users/saraaoki/Documents/GitHub/react-todolist/node_modules/@storybook/addon-docs/dist/frameworks/react/lib/index.js
<s> [webpack.Progress] 22% building 104/115 modules 11 active /Users/saraaoki/Documents/GitHub/react-todolist/node_modules/@storybook/addon-docs/dist/frameworks/react/lib/index.js
<s> [webpack.Progress] 22% building 105/115 modules 10 active /Users/saraaoki/Documents/GitHub/react-todolist/node_modules/@storybook/addon-docs/dist/frameworks/react/lib/index.js
<s> [webpack.Progress] 22% building 106/115 modules 9 active /Users/saraaoki/Documents/GitHub/react-todolist/node_modules/@storybook/addon-docs/dist/frameworks/react/lib/index.js
<s> [webpack.Progress] 22% building 107/115 modules 8 active /Users/saraaoki/Documents/GitHub/react-todolist/node_modules/@storybook/addon-docs/dist/frameworks/react/lib/index.js
<s> [webpack.Progress] 22% building 107/116 modules 9 active /Users/saraaoki/Documents/GitHub/react-todolist/node_modules/@storybook/addon-docs/dist/lib/docgen/types.js
<s> [webpack.Progress] 22% building 107/117 modules 10 active /Users/saraaoki/Documents/GitHub/react-todolist/node_modules/@storybook/addon-docs/dist/lib/docgen/extractDocgenProps.js
<s> [webpack.Progress] 22% building 107/118 modules 11 active /Users/saraaoki/Documents/GitHub/react-todolist/node_modules/@storybook/addon-docs/dist/blocks/mdx.js
<s> [webpack.Progress] 22% building 107/119 modules 12 active /Users/saraaoki/Documents/GitHub/react-todolist/node_modules/@storybook/addon-docs/dist/blocks/types.js
<s> [webpack.Progress] 22% building 107/120 modules 13 active /Users/saraaoki/Documents/GitHub/react-todolist/node_modules/@storybook/addon-docs/dist/blocks/Wrapper.js
<s> [webpack.Progress] 22% building 107/121 modules 14 active /Users/saraaoki/Documents/GitHub/react-todolist/node_modules/@storybook/addon-docs/dist/blocks/Subtitle.js
<s> [webpack.Progress] 22% building 107/122 modules 15 active /Users/saraaoki/Documents/GitHub/react-todolist/node_modules/@storybook/addon-docs/dist/blocks/Title.js
<s> [webpack.Progress] 22% building 107/123 modules 16 active /Users/saraaoki/Documents/GitHub/react-todolist/node_modules/@storybook/addon-docs/dist/blocks/Subheading.js
<s> [webpack.Progress] 22% building 107/124 modules 17 active /Users/saraaoki/Documents/GitHub/react-todolist/node_modules/@storybook/addon-docs/dist/blocks/Stories.js
<s> [webpack.Progress] 22% building 107/125 modules 18 active /Users/saraaoki/Documents/GitHub/react-todolist/node_modules/@storybook/addon-docs/dist/blocks/Story.js
<s> [webpack.Progress] 22% building 107/126 modules 19 active /Users/saraaoki/Documents/GitHub/react-todolist/node_modules/@storybook/addon-docs/dist/blocks/SourceContainer.js
<s> [webpack.Progress] 22% building 107/127 modules 20 active /Users/saraaoki/Documents/GitHub/react-todolist/node_modules/@storybook/addon-docs/dist/blocks/Source.js
<s> [webpack.Progress] 22% building 107/128 modules 21 active /Users/saraaoki/Documents/GitHub/react-todolist/node_modules/@storybook/addon-docs/dist/blocks/Props.js
<s> [webpack.Progress] 22% building 107/129 modules 22 active /Users/saraaoki/Documents/GitHub/react-todolist/node_modules/@storybook/react/dist/client/preview/types-6-0.js
<s> [webpack.Progress] 22% building 108/129 modules 21 active /Users/saraaoki/Documents/GitHub/react-todolist/node_modules/@storybook/react/dist/client/preview/types-6-0.js
<s> [webpack.Progress] 23% building 109/129 modules 20 active /Users/saraaoki/Documents/GitHub/react-todolist/node_modules/@storybook/react/dist/client/preview/types-6-0.js
<s> [webpack.Progress] 23% building 110/129 modules 19 active /Users/saraaoki/Documents/GitHub/react-todolist/node_modules/@storybook/react/dist/client/preview/types-6-0.js
<s> [webpack.Progress] 23% building 111/129 modules 18 active /Users/saraaoki/Documents/GitHub/react-todolist/node_modules/@storybook/react/dist/client/preview/types-6-0.js
<s> [webpack.Progress] 23% building 112/129 modules 17 active /Users/saraaoki/Documents/GitHub/react-todolist/node_modules/@storybook/react/dist/client/preview/types-6-0.js
<s> [webpack.Progress] 23% building 112/130 modules 18 active /Users/saraaoki/Documents/GitHub/react-todolist/node_modules/react/cjs/react.production.min.js
<s> [webpack.Progress] 23% building 112/131 modules 19 active /Users/saraaoki/Documents/GitHub/react-todolist/node_modules/react/cjs/react-jsx-runtime.production.min.js
<s> [webpack.Progress] 23% building 112/132 modules 20 active /Users/saraaoki/Documents/GitHub/react-todolist/node_modules/core-js/modules/es.array.includes.js
<s> [webpack.Progress] 23% building 113/132 modules 19 active /Users/saraaoki/Documents/GitHub/react-todolist/node_modules/core-js/modules/es.array.includes.js
<s> [webpack.Progress] 23% building 114/132 modules 18 active /Users/saraaoki/Documents/GitHub/react-todolist/node_modules/core-js/modules/es.array.includes.js
<s> [webpack.Progress] 23% building 114/133 modules 19 active /Users/saraaoki/Documents/GitHub/react-todolist/node_modules/core-js/modules/web.dom-collections.iterator.js
<s> [webpack.Progress] 23% building 114/134 modules 20 active /Users/saraaoki/Documents/GitHub/react-todolist/node_modules/core-js/modules/es.string.iterator.js
<s> [webpack.Progress] 23% building 114/135 modules 21 active /Users/saraaoki/Documents/GitHub/react-todolist/node_modules/core-js/modules/es.object.define-property.js
<s> [webpack.Progress] 23% building 114/136 modules 22 active /Users/saraaoki/Documents/GitHub/react-todolist/node_modules/core-js/modules/es.array.iterator.js
<s> [webpack.Progress] 23% building 114/137 modules 23 active /Users/saraaoki/Documents/GitHub/react-todolist/node_modules/babel-preset-react-app/node_modules/@babel/runtime/helpers/esm/objectSpread2.js
<s> [webpack.Progress] 23% building 114/138 modules 24 active /Users/saraaoki/Documents/GitHub/react-todolist/node_modules/babel-preset-react-app/node_modules/@babel/runtime/helpers/esm/toConsumableArray.js
<s> [webpack.Progress] 23% building 115/138 modules 23 active /Users/saraaoki/Documents/GitHub/react-todolist/node_modules/babel-preset-react-app/node_modules/@babel/runtime/helpers/esm/toConsumableArray.js
<s> [webpack.Progress] 23% building 115/139 modules 24 active css /Users/saraaoki/Documents/GitHub/react-todolist/node_modules/css-loader/dist/cjs.js??ref--9-oneOf-4-1!/Users/saraaoki/Documents/GitHub/react-todolist/node_modules/postcss-loader/src/index.js??postcss!/Users/saraaoki/Documents/GitHub/react-todolist/src/index.css 0
<s> [webpack.Progress] 23% building 116/139 modules 23 active /Users/saraaoki/Documents/GitHub/react-todolist/node_modules/babel-preset-react-app/node_modules/@babel/runtime/helpers/esm/toConsumableArray.js
<s> [webpack.Progress] 24% building 117/139 modules 22 active /Users/saraaoki/Documents/GitHub/react-todolist/node_modules/babel-preset-react-app/node_modules/@babel/runtime/helpers/esm/toConsumableArray.js
<s> [webpack.Progress] 24% building 117/140 modules 23 active /Users/saraaoki/Documents/GitHub/react-todolist/node_modules/core-js/modules/es.array.from.js
<s> [webpack.Progress] 24% building 117/141 modules 24 active /Users/saraaoki/Documents/GitHub/react-todolist/node_modules/core-js/modules/es.array.is-array.js
<s> [webpack.Progress] 24% building 117/142 modules 25 active /Users/saraaoki/Documents/GitHub/react-todolist/node_modules/core-js/modules/es.symbol.iterator.js
<s> [webpack.Progress] 24% building 118/142 modules 24 active /Users/saraaoki/Documents/GitHub/react-todolist/node_modules/core-js/modules/es.symbol.iterator.js
<s> [webpack.Progress] 24% building 118/143 modules 25 active /Users/saraaoki/Documents/GitHub/react-todolist/node_modules/core-js/modules/es.symbol.description.js
<s> [webpack.Progress] 24% building 119/143 modules 24 active /Users/saraaoki/Documents/GitHub/react-todolist/node_modules/core-js/modules/es.symbol.description.js
<s> [webpack.Progress] 24% building 120/143 modules 23 active /Users/saraaoki/Documents/GitHub/react-todolist/node_modules/core-js/modules/es.symbol.description.js
<s> [webpack.Progress] 24% building 121/143 modules 22 active /Users/saraaoki/Documents/GitHub/react-todolist/node_modules/core-js/modules/es.symbol.description.js
<s> [webpack.Progress] 24% building 122/143 modules 21 active /Users/saraaoki/Documents/GitHub/react-todolist/node_modules/core-js/modules/es.symbol.description.js
<s> [webpack.Progress] 24% building 123/143 modules 20 active /Users/saraaoki/Documents/GitHub/react-todolist/node_modules/core-js/modules/es.symbol.description.js
<s> [webpack.Progress] 24% building 124/143 modules 19 active /Users/saraaoki/Documents/GitHub/react-todolist/node_modules/core-js/modules/es.symbol.description.js
<s> [webpack.Progress] 25% building 125/143 modules 18 active /Users/saraaoki/Documents/GitHub/react-todolist/node_modules/core-js/modules/es.symbol.description.js
<s> [webpack.Progress] 25% building 126/143 modules 17 active /Users/saraaoki/Documents/GitHub/react-todolist/node_modules/core-js/modules/es.symbol.description.js
<s> [webpack.Progress] 25% building 126/144 modules 18 active /Users/saraaoki/Documents/GitHub/react-todolist/node_modules/core-js/internals/to-indexed-object.js
<s> [webpack.Progress] 25% building 126/145 modules 19 active /Users/saraaoki/Documents/GitHub/react-todolist/node_modules/core-js/internals/indexed-object.js
<s> [webpack.Progress] 25% building 126/146 modules 20 active /Users/saraaoki/Documents/GitHub/react-todolist/node_modules/core-js/internals/array-method-is-strict.js
<s> [webpack.Progress] 25% building 126/147 modules 21 active /Users/saraaoki/Documents/GitHub/react-todolist/node_modules/core-js/internals/array-for-each.js
<s> [webpack.Progress] 25% building 126/148 modules 22 active /Users/saraaoki/Documents/GitHub/react-todolist/node_modules/core-js/internals/array-method-uses-to-length.js
<s> [webpack.Progress] 25% building 126/149 modules 23 active /Users/saraaoki/Documents/GitHub/react-todolist/node_modules/core-js/internals/array-method-has-species-support.js
<s> [webpack.Progress] 25% building 126/150 modules 24 active /Users/saraaoki/Documents/GitHub/react-todolist/node_modules/core-js/internals/array-iteration.js
<s> [webpack.Progress] 25% building 126/151 modules 25 active /Users/saraaoki/Documents/GitHub/react-todolist/node_modules/core-js/internals/engine-is-node.js
<s> [webpack.Progress] 25% building 126/152 modules 26 active /Users/saraaoki/Documents/GitHub/react-todolist/node_modules/core-js/internals/engine-v8-version.js
<s> [webpack.Progress] 25% building 126/153 modules 27 active /Users/saraaoki/Documents/GitHub/react-todolist/node_modules/core-js/internals/array-reduce.js
<s> [webpack.Progress] 25% building 126/154 modules 28 active /Users/saraaoki/Documents/GitHub/react-todolist/node_modules/core-js/modules/esnext.symbol.replace-all.js
<s> [webpack.Progress] 25% building 126/155 modules 29 active /Users/saraaoki/Documents/GitHub/react-todolist/node_modules/core-js/modules/esnext.symbol.pattern-match.js
<s> [webpack.Progress] 25% building 126/156 modules 30 active /Users/saraaoki/Documents/GitHub/react-todolist/node_modules/core-js/internals/to-string-tag-support.js
<s> [webpack.Progress] 25% building 126/157 modules 31 active /Users/saraaoki/Documents/GitHub/react-todolist/node_modules/lodash/_baseFor.js
<s> [webpack.Progress] 25% building 127/157 modules 30 active /Users/saraaoki/Documents/GitHub/react-todolist/node_modules/lodash/_baseFor.js
<s> [webpack.Progress] 25% building 127/158 modules 31 active /Users/saraaoki/Documents/GitHub/react-todolist/node_modules/lodash/_baseMatches.js
<s> [webpack.Progress] 25% building 127/159 modules 32 active /Users/saraaoki/Documents/GitHub/react-todolist/node_modules/lodash/_defineProperty.js
<s> [webpack.Progress] 25% building 127/160 modules 33 active /Users/saraaoki/Documents/GitHub/react-todolist/node_modules/core-js/internals/create-non-enumerable-property.js
<s> [webpack.Progress] 25% building 128/160 modules 32 active /Users/saraaoki/Documents/GitHub/react-todolist/node_modules/core-js/internals/create-non-enumerable-property.js
<s> [webpack.Progress] 25% building 129/160 modules 31 active /Users/saraaoki/Documents/GitHub/react-todolist/node_modules/core-js/internals/create-non-enumerable-property.js
<s> [webpack.Progress] 25% building 130/160 modules 30 active /Users/saraaoki/Documents/GitHub/react-todolist/node_modules/core-js/internals/create-non-enumerable-property.js
<s> [webpack.Progress] 25% building 131/160 modules 29 active /Users/saraaoki/Documents/GitHub/react-todolist/node_modules/core-js/internals/create-non-enumerable-property.js
<s> [webpack.Progress] 25% building 132/160 modules 28 active /Users/saraaoki/Documents/GitHub/react-todolist/node_modules/core-js/internals/create-non-enumerable-property.js
<s> [webpack.Progress] 25% building 132/161 modules 29 active /Users/saraaoki/Documents/GitHub/react-todolist/node_modules/core-js/internals/dom-iterables.js
<s> [webpack.Progress] 25% building 132/162 modules 30 active /Users/saraaoki/Documents/GitHub/react-todolist/node_modules/lodash/property.js
<s> [webpack.Progress] 25% building 132/163 modules 31 active /Users/saraaoki/Documents/GitHub/react-todolist/node_modules/lodash/isArray.js
<s> [webpack.Progress] 25% building 133/163 modules 30 active /Users/saraaoki/Documents/GitHub/react-todolist/node_modules/lodash/isArray.js
<s> [webpack.Progress] 25% building 133/164 modules 31 active /Users/saraaoki/Documents/GitHub/react-todolist/node_modules/lodash/identity.js
<s> [webpack.Progress] 25% building 133/165 modules 32 active /Users/saraaoki/Documents/GitHub/react-todolist/node_modules/lodash/keys.js
<s> [webpack.Progress] 25% building 133/166 modules 33 active /Users/saraaoki/Documents/GitHub/react-todolist/node_modules/lodash/_baseMatchesProperty.js
<s> [webpack.Progress] 25% building 133/167 modules 34 active /Users/saraaoki/Documents/GitHub/react-todolist/node_modules/core-js/internals/regexp-exec-abstract.js
<s> [webpack.Progress] 25% building 133/168 modules 35 active /Users/saraaoki/Documents/GitHub/react-todolist/node_modules/core-js/internals/advance-string-index.js
<s> [webpack.Progress] 26% building 134/168 modules 34 active /Users/saraaoki/Documents/GitHub/react-todolist/node_modules/core-js/internals/advance-string-index.js
<s> [webpack.Progress] 26% building 135/168 modules 33 active /Users/saraaoki/Documents/GitHub/react-todolist/node_modules/core-js/internals/advance-string-index.js
<s> [webpack.Progress] 26% building 136/168 modules 32 active /Users/saraaoki/Documents/GitHub/react-todolist/node_modules/core-js/internals/advance-string-index.js
<s> [webpack.Progress] 26% building 137/168 modules 31 active /Users/saraaoki/Documents/GitHub/react-todolist/node_modules/core-js/internals/advance-string-index.js
<s> [webpack.Progress] 26% building 138/168 modules 30 active /Users/saraaoki/Documents/GitHub/react-todolist/node_modules/core-js/internals/advance-string-index.js
<s> [webpack.Progress] 26% building 139/168 modules 29 active /Users/saraaoki/Documents/GitHub/react-todolist/node_modules/core-js/internals/advance-string-index.js
<s> [webpack.Progress] 26% building 140/168 modules 28 active /Users/saraaoki/Documents/GitHub/react-todolist/node_modules/core-js/internals/advance-string-index.js
<s> [webpack.Progress] 26% building 141/168 modules 27 active /Users/saraaoki/Documents/GitHub/react-todolist/node_modules/core-js/internals/advance-string-index.js
<s> [webpack.Progress] 27% building 142/168 modules 26 active /Users/saraaoki/Documents/GitHub/react-todolist/node_modules/core-js/internals/advance-string-index.js
<s> [webpack.Progress] 27% building 142/169 modules 27 active /Users/saraaoki/Documents/GitHub/react-todolist/node_modules/core-js/internals/require-object-coercible.js
<s> [webpack.Progress] 27% building 143/169 modules 26 active /Users/saraaoki/Documents/GitHub/react-todolist/node_modules/core-js/internals/require-object-coercible.js
<s> [webpack.Progress] 27% building 143/170 modules 27 active /Users/saraaoki/Documents/GitHub/react-todolist/node_modules/core-js/internals/object-to-string.js
<s> [webpack.Progress] 27% building 143/171 modules 28 active /Users/saraaoki/Documents/GitHub/react-todolist/node_modules/core-js/internals/to-length.js
<s> [webpack.Progress] 27% building 143/172 modules 29 active /Users/saraaoki/Documents/GitHub/react-todolist/node_modules/core-js/internals/is-object.js
<s> [webpack.Progress] 27% building 143/173 modules 30 active /Users/saraaoki/Documents/GitHub/react-todolist/node_modules/core-js/internals/object-keys-internal.js
<s> [webpack.Progress] 27% building 143/174 modules 31 active /Users/saraaoki/Documents/GitHub/react-todolist/node_modules/core-js/internals/to-primitive.js
<s> [webpack.Progress] 27% building 143/175 modules 32 active /Users/saraaoki/Documents/GitHub/react-todolist/node_modules/core-js/modules/esnext.symbol.observable.js
<s> [webpack.Progress] 27% building 143/176 modules 33 active /Users/saraaoki/Documents/GitHub/react-todolist/node_modules/core-js/internals/classof-raw.js
<s> [webpack.Progress] 27% building 143/177 modules 34 active /Users/saraaoki/Documents/GitHub/react-todolist/node_modules/core-js/internals/inspect-source.js
<s> [webpack.Progress] 27% building 143/178 modules 35 active /Users/saraaoki/Documents/GitHub/react-todolist/node_modules/core-js/internals/set-global.js
<s> [webpack.Progress] 27% building 143/179 modules 36 active /Users/saraaoki/Documents/GitHub/react-todolist/node_modules/core-js/internals/has.js
<s> [webpack.Progress] 27% building 143/180 modules 37 active /Users/saraaoki/Documents/GitHub/react-todolist/node_modules/core-js/internals/use-symbol-as-uid.js
<s> [webpack.Progress] 27% building 143/181 modules 38 active /Users/saraaoki/Documents/GitHub/react-todolist/node_modules/core-js/internals/native-weak-map.js
<s> [webpack.Progress] 27% building 143/182 modules 39 active /Users/saraaoki/Documents/GitHub/react-todolist/node_modules/core-js/internals/copy-constructor-properties.js
<s> [webpack.Progress] 27% building 143/183 modules 40 active /Users/saraaoki/Documents/GitHub/react-todolist/node_modules/core-js/internals/get-built-in.js
<s> [webpack.Progress] 27% building 144/183 modules 39 active /Users/saraaoki/Documents/GitHub/react-todolist/node_modules/core-js/internals/get-built-in.js
<s> [webpack.Progress] 27% building 145/183 modules 38 active /Users/saraaoki/Documents/GitHub/react-todolist/node_modules/core-js/internals/get-built-in.js
<s> [webpack.Progress] 27% building 146/183 modules 37 active /Users/saraaoki/Documents/GitHub/react-todolist/node_modules/core-js/internals/get-built-in.js
<s> [webpack.Progress] 27% building 147/183 modules 36 active /Users/saraaoki/Documents/GitHub/react-todolist/node_modules/core-js/internals/get-built-in.js
<s> [webpack.Progress] 27% building 148/183 modules 35 active /Users/saraaoki/Documents/GitHub/react-todolist/node_modules/core-js/internals/get-built-in.js
<s> [webpack.Progress] 27% building 148/184 modules 36 active /Users/saraaoki/Documents/GitHub/react-todolist/node_modules/core-js/internals/to-object.js
<s> [webpack.Progress] 27% building 149/184 modules 35 active /Users/saraaoki/Documents/GitHub/react-todolist/node_modules/core-js/internals/to-object.js
<s> [webpack.Progress] 28% building 150/184 modules 34 active /Users/saraaoki/Documents/GitHub/react-todolist/node_modules/core-js/internals/to-object.js
<s> [webpack.Progress] 28% building 151/184 modules 33 active /Users/saraaoki/Documents/GitHub/react-todolist/node_modules/core-js/internals/to-object.js
<s> [webpack.Progress] 28% building 152/184 modules 32 active /Users/saraaoki/Documents/GitHub/react-todolist/node_modules/core-js/internals/to-object.js
<s> [webpack.Progress] 28% building 153/184 modules 31 active /Users/saraaoki/Documents/GitHub/react-todolist/node_modules/core-js/internals/to-object.js
<s> [webpack.Progress] 28% building 154/184 modules 30 active /Users/saraaoki/Documents/GitHub/react-todolist/node_modules/core-js/internals/to-object.js
<s> [webpack.Progress] 28% building 155/184 modules 29 active /Users/saraaoki/Documents/GitHub/react-todolist/node_modules/core-js/internals/to-object.js
<s> [webpack.Progress] 28% building 156/184 modules 28 active /Users/saraaoki/Documents/GitHub/react-todolist/node_modules/core-js/internals/to-object.js
<s> [webpack.Progress] 28% building 157/184 modules 27 active /Users/saraaoki/Documents/GitHub/react-todolist/node_modules/core-js/internals/to-object.js
<s> [webpack.Progress] 28% building 158/184 modules 26 active /Users/saraaoki/Documents/GitHub/react-todolist/node_modules/core-js/internals/to-object.js
<s> [webpack.Progress] 29% building 159/184 modules 25 active /Users/saraaoki/Documents/GitHub/react-todolist/node_modules/core-js/internals/to-object.js
<s> [webpack.Progress] 29% building 160/184 modules 24 active /Users/saraaoki/Documents/GitHub/react-todolist/node_modules/core-js/internals/to-object.js
<s> [webpack.Progress] 29% building 160/185 modules 25 active /Users/saraaoki/Documents/GitHub/react-todolist/node_modules/core-js/internals/object-property-is-enumerable.js
<s> [webpack.Progress] 29% building 160/186 modules 26 active /Users/saraaoki/Documents/GitHub/react-todolist/node_modules/core-js/internals/object-get-own-property-symbols.js
<s> [webpack.Progress] 29% building 160/187 modules 27 active /Users/saraaoki/Documents/GitHub/react-todolist/node_modules/core-js/internals/object-keys.js
<s> [webpack.Progress] 29% building 161/187 modules 26 active /Users/saraaoki/Documents/GitHub/react-todolist/node_modules/core-js/internals/object-keys.js
<s> [webpack.Progress] 29% building 162/187 modules 25 active /Users/saraaoki/Documents/GitHub/react-todolist/node_modules/core-js/internals/object-keys.js
<s> [webpack.Progress] 29% building 163/187 modules 24 active /Users/saraaoki/Documents/GitHub/react-todolist/node_modules/core-js/internals/object-keys.js
<s> [webpack.Progress] 29% building 163/188 modules 25 active /Users/saraaoki/Documents/GitHub/react-todolist/node_modules/@storybook/addons/dist/index.js
<s> [webpack.Progress] 29% building 164/188 modules 24 active /Users/saraaoki/Documents/GitHub/react-todolist/node_modules/@storybook/addons/dist/index.js
<s> [webpack.Progress] 29% building 165/188 modules 23 active /Users/saraaoki/Documents/GitHub/react-todolist/node_modules/@storybook/addons/dist/index.js
<s> [webpack.Progress] 29% building 166/188 modules 22 active /Users/saraaoki/Documents/GitHub/react-todolist/node_modules/@storybook/addons/dist/index.js
<s> [webpack.Progress] 30% building 167/188 modules 21 active /Users/saraaoki/Documents/GitHub/react-todolist/node_modules/@storybook/addons/dist/index.js
<s> [webpack.Progress] 30% building 168/188 modules 20 active /Users/saraaoki/Documents/GitHub/react-todolist/node_modules/@storybook/addons/dist/index.js
<s> [webpack.Progress] 30% building 168/189 modules 21 active /Users/saraaoki/Documents/GitHub/react-todolist/node_modules/airbnb-js-shims/target/es2015.js
<s> [webpack.Progress] 30% building 168/190 modules 22 active /Users/saraaoki/Documents/GitHub/react-todolist/node_modules/@storybook/csf/dist/index.js
<s> [webpack.Progress] 30% building 169/190 modules 21 active /Users/saraaoki/Documents/GitHub/react-todolist/node_modules/@storybook/csf/dist/index.js
<s> [webpack.Progress] 30% building 169/191 modules 22 active /Users/saraaoki/Documents/GitHub/react-todolist/node_modules/@storybook/addon-actions/dist/preview/action.js
<s> [webpack.Progress] 30% building 169/192 modules 23 active /Users/saraaoki/Documents/GitHub/react-todolist/node_modules/@storybook/addon-actions/dist/models/ActionDisplay.js
<s> [webpack.Progress] 30% building 170/192 modules 22 active /Users/saraaoki/Documents/GitHub/react-todolist/node_modules/@storybook/addon-actions/dist/models/ActionDisplay.js
<s> [webpack.Progress] 30% building 171/192 modules 21 active /Users/saraaoki/Documents/GitHub/react-todolist/node_modules/@storybook/addon-actions/dist/models/ActionDisplay.js
<s> [webpack.Progress] 30% building 172/192 modules 20 active /Users/saraaoki/Documents/GitHub/react-todolist/node_modules/@storybook/addon-actions/dist/models/ActionDisplay.js
<s> [webpack.Progress] 30% building 173/192 modules 19 active /Users/saraaoki/Documents/GitHub/react-todolist/node_modules/@storybook/addon-actions/dist/models/ActionDisplay.js
<s> [webpack.Progress] 30% building 174/192 modules 18 active /Users/saraaoki/Documents/GitHub/react-todolist/node_modules/@storybook/addon-actions/dist/models/ActionDisplay.js
<s> [webpack.Progress] 31% building 175/192 modules 17 active /Users/saraaoki/Documents/GitHub/react-todolist/node_modules/@storybook/addon-actions/dist/models/ActionDisplay.js
<s> [webpack.Progress] 31% building 176/192 modules 16 active /Users/saraaoki/Documents/GitHub/react-todolist/node_modules/@storybook/addon-actions/dist/models/ActionDisplay.js
<s> [webpack.Progress] 31% building 177/192 modules 15 active /Users/saraaoki/Documents/GitHub/react-todolist/node_modules/@storybook/addon-actions/dist/models/ActionDisplay.js
<s> [webpack.Progress] 31% building 178/192 modules 14 active /Users/saraaoki/Documents/GitHub/react-todolist/node_modules/@storybook/addon-actions/dist/models/ActionDisplay.js
<s> [webpack.Progress] 31% building 179/192 modules 13 active /Users/saraaoki/Documents/GitHub/react-todolist/node_modules/@storybook/addon-actions/dist/models/ActionDisplay.js
<s> [webpack.Progress] 31% building 180/192 modules 12 active /Users/saraaoki/Documents/GitHub/react-todolist/node_modules/@storybook/addon-actions/dist/models/ActionDisplay.js
<s> [webpack.Progress] 31% building 181/192 modules 11 active /Users/saraaoki/Documents/GitHub/react-todolist/node_modules/@storybook/addon-actions/dist/models/ActionDisplay.js
<s> [webpack.Progress] 31% building 182/192 modules 10 active /Users/saraaoki/Documents/GitHub/react-todolist/node_modules/@storybook/addon-actions/dist/models/ActionDisplay.js
<s> [webpack.Progress] 31% building 183/192 modules 9 active /Users/saraaoki/Documents/GitHub/react-todolist/node_modules/@storybook/addon-actions/dist/models/ActionDisplay.js
<s> [webpack.Progress] 32% building 184/192 modules 8 active /Users/saraaoki/Documents/GitHub/react-todolist/node_modules/@storybook/addon-actions/dist/models/ActionDisplay.js
<s> [webpack.Progress] 32% building 185/192 modules 7 active /Users/saraaoki/Documents/GitHub/react-todolist/node_modules/@storybook/addon-actions/dist/models/ActionDisplay.js
<s> [webpack.Progress] 32% building 185/193 modules 8 active /Users/saraaoki/Documents/GitHub/react-todolist/node_modules/@storybook/addon-docs/dist/frameworks/react/lib/captions.js
<s> [webpack.Progress] 32% building 185/194 modules 9 active /Users/saraaoki/Documents/GitHub/react-todolist/node_modules/@storybook/components/dist/index.js
<s> [webpack.Progress] 32% building 186/194 modules 8 active /Users/saraaoki/Documents/GitHub/react-todolist/node_modules/@storybook/components/dist/index.js
<s> [webpack.Progress] 32% building 186/195 modules 9 active /Users/saraaoki/Documents/GitHub/react-todolist/node_modules/@storybook/addon-docs/dist/frameworks/react/lib/componentTypes.js
<s> [webpack.Progress] 32% building 186/196 modules 10 active /Users/saraaoki/Documents/GitHub/react-todolist/node_modules/react-scripts/node_modules/babel-loader/lib/index.js??ref--9-oneOf-2!/Users/saraaoki/Documents/GitHub/react-todolist/src/components/Task.js
<s> [webpack.Progress] 32% building 187/196 modules 9 active /Users/saraaoki/Documents/GitHub/react-todolist/node_modules/react-scripts/node_modules/babel-loader/lib/index.js??ref--9-oneOf-2!/Users/saraaoki/Documents/GitHub/react-todolist/src/components/Task.js
<s> [webpack.Progress] 32% building 188/196 modules 8 active /Users/saraaoki/Documents/GitHub/react-todolist/node_modules/react-scripts/node_modules/babel-loader/lib/index.js??ref--9-oneOf-2!/Users/saraaoki/Documents/GitHub/react-todolist/src/components/Task.js
<s> [webpack.Progress] 32% building 188/197 modules 9 active /Users/saraaoki/Documents/GitHub/react-todolist/node_modules/es5-shim/es5-sham.js
<s> [webpack.Progress] 32% building 189/197 modules 8 active /Users/saraaoki/Documents/GitHub/react-todolist/node_modules/es5-shim/es5-sham.js
<s> [webpack.Progress] 32% building 189/198 modules 9 active /Users/saraaoki/Documents/GitHub/react-todolist/node_modules/@storybook/addon-docs/dist/frameworks/react/lib/generateCode.js
<s> [webpack.Progress] 32% building 189/199 modules 10 active /Users/saraaoki/Documents/GitHub/react-todolist/node_modules/@storybook/addon-docs/dist/frameworks/react/lib/isHtmlTag.js
<s> [webpack.Progress] 32% building 189/200 modules 11 active /Users/saraaoki/Documents/GitHub/react-todolist/node_modules/@storybook/addon-actions/dist/preview/withActions.js
<s> [webpack.Progress] 32% building 189/201 modules 12 active /Users/saraaoki/Documents/GitHub/react-todolist/node_modules/@storybook/addon-actions/dist/preview/decorateAction.js
<s> [webpack.Progress] 32% building 189/202 modules 13 active /Users/saraaoki/Documents/GitHub/react-todolist/node_modules/@storybook/addon-docs/dist/lib/docgen/PropDef.js
<s> [webpack.Progress] 32% building 190/202 modules 12 active /Users/saraaoki/Documents/GitHub/react-todolist/node_modules/@storybook/addon-docs/dist/lib/docgen/PropDef.js
<s> [webpack.Progress] 32% building 190/203 modules 13 active /Users/saraaoki/Documents/GitHub/react-todolist/node_modules/@storybook/addon-docs/dist/blocks/DocsContext.js
<s> [webpack.Progress] 32% building 190/204 modules 14 active /Users/saraaoki/Documents/GitHub/react-todolist/node_modules/@storybook/addon-docs/dist/blocks/enhanceSource.js
<s> [webpack.Progress] 32% building 190/205 modules 15 active /Users/saraaoki/Documents/GitHub/react-todolist/node_modules/@storybook/react/dist/client/preview/index.js
<s> [webpack.Progress] 32% building 191/205 modules 14 active /Users/saraaoki/Documents/GitHub/react-todolist/node_modules/@storybook/react/dist/client/preview/index.js
<s> [webpack.Progress] 33% building 192/205 modules 13 active /Users/saraaoki/Documents/GitHub/react-todolist/node_modules/@storybook/react/dist/client/preview/index.js
<s> [webpack.Progress] 33% building 192/206 modules 14 active /Users/saraaoki/Documents/GitHub/react-todolist/node_modules/@storybook/addon-docs/dist/blocks/ArgsTable.js
<s> [webpack.Progress] 33% building 193/206 modules 13 active /Users/saraaoki/Documents/GitHub/react-todolist/node_modules/@storybook/addon-docs/dist/blocks/ArgsTable.js
<s> [webpack.Progress] 33% building 193/207 modules 14 active /Users/saraaoki/Documents/GitHub/react-todolist/node_modules/core-js/internals/add-to-unscopables.js
<s> [webpack.Progress] 33% building 194/207 modules 13 active /Users/saraaoki/Documents/GitHub/react-todolist/node_modules/core-js/internals/add-to-unscopables.js
<s> [webpack.Progress] 33% building 195/207 modules 12 active /Users/saraaoki/Documents/GitHub/react-todolist/node_modules/core-js/internals/add-to-unscopables.js
<s> [webpack.Progress] 33% building 195/208 modules 13 active /Users/saraaoki/Documents/GitHub/react-todolist/node_modules/@storybook/core-events/dist/index.js
<s> [webpack.Progress] 33% building 195/209 modules 14 active /Users/saraaoki/Documents/GitHub/react-todolist/node_modules/core-js/internals/array-includes.js
<s> [webpack.Progress] 33% building 195/210 modules 15 active /Users/saraaoki/Documents/GitHub/react-todolist/node_modules/core-js/internals/string-multibyte.js
<s> [webpack.Progress] 33% building 195/211 modules 16 active /Users/saraaoki/Documents/GitHub/react-todolist/node_modules/core-js/internals/define-iterator.js
<s> [webpack.Progress] 33% building 196/211 modules 15 active /Users/saraaoki/Documents/GitHub/react-todolist/node_modules/core-js/internals/define-iterator.js
<s> [webpack.Progress] 33% building 196/212 modules 16 active /Users/saraaoki/Documents/GitHub/react-todolist/node_modules/@storybook/addon-docs/dist/lib/docgen/utils/index.js
<s> [webpack.Progress] 33% building 197/212 modules 15 active /Users/saraaoki/Documents/GitHub/react-todolist/node_modules/@storybook/addon-docs/dist/lib/docgen/utils/index.js
<s> [webpack.Progress] 33% building 198/212 modules 14 active /Users/saraaoki/Documents/GitHub/react-todolist/node_modules/@storybook/addon-docs/dist/lib/docgen/utils/index.js
<s> [webpack.Progress] 33% building 199/212 modules 13 active /Users/saraaoki/Documents/GitHub/react-todolist/node_modules/@storybook/addon-docs/dist/lib/docgen/utils/index.js
<s> [webpack.Progress] 33% building 199/213 modules 14 active /Users/saraaoki/Documents/GitHub/react-todolist/node_modules/core-js/internals/check-correctness-of-iteration.js
<s> [webpack.Progress] 33% building 199/214 modules 15 active /Users/saraaoki/Documents/GitHub/react-todolist/node_modules/core-js/internals/is-array.js
<s> [webpack.Progress] 34% building 200/214 modules 14 active /Users/saraaoki/Documents/GitHub/react-todolist/node_modules/core-js/internals/is-array.js
<s> [webpack.Progress] 34% building 200/215 modules 15 active /Users/saraaoki/Documents/GitHub/react-todolist/node_modules/core-js/internals/define-well-known-symbol.js
<s> [webpack.Progress] 34% building 201/215 modules 14 active /Users/saraaoki/Documents/GitHub/react-todolist/node_modules/core-js/internals/define-well-known-symbol.js
<s> [webpack.Progress] 34% building 202/215 modules 13 active /Users/saraaoki/Documents/GitHub/react-todolist/node_modules/core-js/internals/define-well-known-symbol.js
<s> [webpack.Progress] 34% building 202/216 modules 14 active /Users/saraaoki/Documents/GitHub/react-todolist/node_modules/core-js/internals/array-from.js
<s> [webpack.Progress] 34% building 202/217 modules 15 active /Users/saraaoki/Documents/GitHub/react-todolist/node_modules/core-js/internals/iterators.js
<s> [webpack.Progress] 34% building 202/218 modules 16 active /Users/saraaoki/Documents/GitHub/react-todolist/node_modules/core-js/internals/function-bind-context.js
<s> [webpack.Progress] 34% building 202/219 modules 17 active /Users/saraaoki/Documents/GitHub/react-todolist/node_modules/core-js/internals/engine-user-agent.js
<s> [webpack.Progress] 34% building 202/220 modules 18 active /Users/saraaoki/Documents/GitHub/react-todolist/node_modules/core-js/internals/array-species-create.js
<s> [webpack.Progress] 34% building 202/221 modules 19 active /Users/saraaoki/Documents/GitHub/react-todolist/node_modules/core-js/internals/a-function.js
<s> [webpack.Progress] 34% building 202/222 modules 20 active /Users/saraaoki/Documents/GitHub/react-todolist/node_modules/lodash/_createBaseFor.js
<s> [webpack.Progress] 34% building 202/223 modules 21 active /Users/saraaoki/Documents/GitHub/react-todolist/node_modules/lodash/_baseIsMatch.js
<s> [webpack.Progress] 34% building 202/224 modules 22 active /Users/saraaoki/Documents/GitHub/react-todolist/node_modules/lodash/_getNative.js
<s> [webpack.Progress] 34% building 202/225 modules 23 active /Users/saraaoki/Documents/GitHub/react-todolist/node_modules/core-js/internals/create-property-descriptor.js
<s> [webpack.Progress] 34% building 203/225 modules 22 active /Users/saraaoki/Documents/GitHub/react-todolist/node_modules/core-js/internals/create-property-descriptor.js
<s> [webpack.Progress] 34% building 204/225 modules 21 active /Users/saraaoki/Documents/GitHub/react-todolist/node_modules/core-js/internals/create-property-descriptor.js
<s> [webpack.Progress] 34% building 205/225 modules 20 active /Users/saraaoki/Documents/GitHub/react-todolist/node_modules/core-js/internals/create-property-descriptor.js
<s> [webpack.Progress] 34% building 205/226 modules 21 active /Users/saraaoki/Documents/GitHub/react-todolist/node_modules/lodash/_matchesStrictComparable.js
<s> [webpack.Progress] 34% building 205/227 modules 22 active /Users/saraaoki/Documents/GitHub/react-todolist/node_modules/lodash/_baseProperty.js
<s> [webpack.Progress] 34% building 205/228 modules 23 active /Users/saraaoki/Documents/GitHub/react-todolist/node_modules/lodash/_toKey.js
<s> [webpack.Progress] 34% building 206/228 modules 22 active /Users/saraaoki/Documents/GitHub/react-todolist/node_modules/lodash/_toKey.js
<s> [webpack.Progress] 34% building 206/229 modules 23 active /Users/saraaoki/Documents/GitHub/react-todolist/node_modules/lodash/_arrayLikeKeys.js
<s> [webpack.Progress] 34% building 206/230 modules 24 active /Users/saraaoki/Documents/GitHub/react-todolist/node_modules/lodash/isArrayLike.js
<s> [webpack.Progress] 34% building 206/231 modules 25 active /Users/saraaoki/Documents/GitHub/react-todolist/node_modules/lodash/_baseIsEqual.js
<s> [webpack.Progress] 70% building 206/231 modules 25 active /Users/saraaoki/Documents/GitHub/react-todolist/node_modules/lodash/_baseIsEqual.js
ERR! => Failed to build the preview
ERR! ./src/components/InboxScreen.stories.js
ERR! Cannot find module: 'react-redux'. Make sure this package is installed.
ERR! 
ERR! You can install this package by running: yarn add react-redux.
ERR! ModuleNotFoundError: Module not found: Error: Can't resolve 'react-redux' in '/Users/saraaoki/Documents/GitHub/react-todolist/src/components'
ERR!     at /Users/saraaoki/Documents/GitHub/react-todolist/node_modules/webpack/lib/Compilation.js:925:10
ERR!     at /Users/saraaoki/Documents/GitHub/react-todolist/node_modules/webpack/lib/NormalModuleFactory.js:401:22
ERR!     at /Users/saraaoki/Documents/GitHub/react-todolist/node_modules/webpack/lib/NormalModuleFactory.js:130:21
ERR!     at /Users/saraaoki/Documents/GitHub/react-todolist/node_modules/webpack/lib/NormalModuleFactory.js:224:22
ERR!     at /Users/saraaoki/Documents/GitHub/react-todolist/node_modules/neo-async/async.js:2830:7
ERR!     at /Users/saraaoki/Documents/GitHub/react-todolist/node_modules/neo-async/async.js:6877:13
ERR!     at /Users/saraaoki/Documents/GitHub/react-todolist/node_modules/webpack/lib/NormalModuleFactory.js:214:25
ERR!     at /Users/saraaoki/Documents/GitHub/react-todolist/node_modules/enhanced-resolve/lib/Resolver.js:213:14
ERR!     at /Users/saraaoki/Documents/GitHub/react-todolist/node_modules/enhanced-resolve/lib/Resolver.js:285:5
ERR!     at eval (eval at create (/Users/saraaoki/Documents/GitHub/react-todolist/node_modules/tapable/lib/HookCodeFactory.js:33:10), <anonymous>:15:1)
ERR!     at /Users/saraaoki/Documents/GitHub/react-todolist/node_modules/enhanced-resolve/lib/UnsafeCachePlugin.js:44:7
ERR!     at /Users/saraaoki/Documents/GitHub/react-todolist/node_modules/enhanced-resolve/lib/Resolver.js:285:5
ERR!     at eval (eval at create (/Users/saraaoki/Documents/GitHub/react-todolist/node_modules/tapable/lib/HookCodeFactory.js:33:10), <anonymous>:15:1)
ERR!     at /Users/saraaoki/Documents/GitHub/react-todolist/node_modules/enhanced-resolve/lib/Resolver.js:285:5
ERR!     at eval (eval at create (/Users/saraaoki/Documents/GitHub/react-todolist/node_modules/tapable/lib/HookCodeFactory.js:33:10), <anonymous>:27:1)
ERR!     at /Users/saraaoki/Documents/GitHub/react-todolist/node_modules/enhanced-resolve/lib/DescriptionFilePlugin.js:67:43
ERR!  ModuleNotFoundError: Module not found: Error: Can't resolve 'react-redux' in '/Users/saraaoki/Documents/GitHub/react-todolist/src/components'
ERR!     at /Users/saraaoki/Documents/GitHub/react-todolist/node_modules/webpack/lib/Compilation.js:925:10
ERR!     at /Users/saraaoki/Documents/GitHub/react-todolist/node_modules/webpack/lib/NormalModuleFactory.js:401:22
ERR!     at /Users/saraaoki/Documents/GitHub/react-todolist/node_modules/webpack/lib/NormalModuleFactory.js:130:21
ERR!     at /Users/saraaoki/Documents/GitHub/react-todolist/node_modules/webpack/lib/NormalModuleFactory.js:224:22
ERR!     at /Users/saraaoki/Documents/GitHub/react-todolist/node_modules/neo-async/async.js:2830:7
ERR!     at /Users/saraaoki/Documents/GitHub/react-todolist/node_modules/neo-async/async.js:6877:13
ERR!     at /Users/saraaoki/Documents/GitHub/react-todolist/node_modules/webpack/lib/NormalModuleFactory.js:214:25
ERR!     at /Users/saraaoki/Documents/GitHub/react-todolist/node_modules/enhanced-resolve/lib/Resolver.js:213:14
ERR!     at /Users/saraaoki/Documents/GitHub/react-todolist/node_modules/enhanced-resolve/lib/Resolver.js:285:5
ERR!     at eval (eval at create (/Users/saraaoki/Documents/GitHub/react-todolist/node_modules/tapable/lib/HookCodeFactory.js:33:10), <anonymous>:15:1)
ERR!     at /Users/saraaoki/Documents/GitHub/react-todolist/node_modules/enhanced-resolve/lib/UnsafeCachePlugin.js:44:7
ERR!     at /Users/saraaoki/Documents/GitHub/react-todolist/node_modules/enhanced-resolve/lib/Resolver.js:285:5
ERR!     at eval (eval at create (/Users/saraaoki/Documents/GitHub/react-todolist/node_modules/tapable/lib/HookCodeFactory.js:33:10), <anonymous>:15:1)
ERR!     at /Users/saraaoki/Documents/GitHub/react-todolist/node_modules/enhanced-resolve/lib/Resolver.js:285:5
ERR!     at eval (eval at create (/Users/saraaoki/Documents/GitHub/react-todolist/node_modules/tapable/lib/HookCodeFactory.js:33:10), <anonymous>:27:1)
ERR!     at /Users/saraaoki/Documents/GitHub/react-todolist/node_modules/enhanced-resolve/lib/DescriptionFilePlugin.js:67:43
ERR! resolve 'react-redux' in '/Users/saraaoki/Documents/GitHub/react-todolist/src/components'
ERR!   Parsed request is a module
ERR!   using description file: /Users/saraaoki/Documents/GitHub/react-todolist/package.json (relative path: ./src/components)
ERR!     Field 'browser' doesn't contain a valid alias configuration
ERR!     resolve as module
ERR!       /Users/saraaoki/Documents/GitHub/react-todolist/src/components/node_modules doesn't exist or is not a directory
ERR!       /Users/saraaoki/Documents/GitHub/react-todolist/src/node_modules doesn't exist or is not a directory
ERR!       /Users/saraaoki/Documents/GitHub/node_modules doesn't exist or is not a directory
ERR!       /Users/saraaoki/Documents/node_modules doesn't exist or is not a directory
ERR!       /Users/node_modules doesn't exist or is not a directory
ERR!       /node_modules doesn't exist or is not a directory
ERR!       looking for modules in /Users/saraaoki/Documents/GitHub/react-todolist/node_modules
ERR!         using description file: /Users/saraaoki/Documents/GitHub/react-todolist/package.json (relative path: ./node_modules)
ERR!           Field 'browser' doesn't contain a valid alias configuration
ERR!       looking for modules in /Users/saraaoki/node_modules
ERR!         using description file: /Users/saraaoki/package.json (relative path: ./node_modules)
ERR!           Field 'browser' doesn't contain a valid alias configuration
ERR!           using description file: /Users/saraaoki/Documents/GitHub/react-todolist/package.json (relative path: ./node_modules/react-redux)
ERR!             no extension
ERR!               Field 'browser' doesn't contain a valid alias configuration
ERR!           using description file: /Users/saraaoki/package.json (relative path: ./node_modules/react-redux)
ERR!             no extension
ERR!               Field 'browser' doesn't contain a valid alias configuration
ERR!               /Users/saraaoki/Documents/GitHub/react-todolist/node_modules/react-redux doesn't exist
ERR!             .web.mjs
ERR!               Field 'browser' doesn't contain a valid alias configuration
ERR!               /Users/saraaoki/node_modules/react-redux doesn't exist
ERR!             .web.mjs
ERR!               Field 'browser' doesn't contain a valid alias configuration
ERR!               /Users/saraaoki/Documents/GitHub/react-todolist/node_modules/react-redux.web.mjs doesn't exist
ERR!             .mjs
ERR!               Field 'browser' doesn't contain a valid alias configuration
ERR!               /Users/saraaoki/node_modules/react-redux.web.mjs doesn't exist
ERR!             .mjs
ERR!               Field 'browser' doesn't contain a valid alias configuration
ERR!               /Users/saraaoki/Documents/GitHub/react-todolist/node_modules/react-redux.mjs doesn't exist
ERR!             .web.js
ERR!               Field 'browser' doesn't contain a valid alias configuration
ERR!               /Users/saraaoki/node_modules/react-redux.mjs doesn't exist
ERR!             .web.js
ERR!               Field 'browser' doesn't contain a valid alias configuration
ERR!               /Users/saraaoki/Documents/GitHub/react-todolist/node_modules/react-redux.web.js doesn't exist
ERR!             .js
ERR!               Field 'browser' doesn't contain a valid alias configuration
ERR!               /Users/saraaoki/node_modules/react-redux.web.js doesn't exist
ERR!             .js
ERR!               Field 'browser' doesn't contain a valid alias configuration
ERR!               /Users/saraaoki/Documents/GitHub/react-todolist/node_modules/react-redux.js doesn't exist
ERR!             .json
ERR!               Field 'browser' doesn't contain a valid alias configuration
ERR!               /Users/saraaoki/node_modules/react-redux.js doesn't exist
ERR!             .json
ERR!               Field 'browser' doesn't contain a valid alias configuration
ERR!               /Users/saraaoki/Documents/GitHub/react-todolist/node_modules/react-redux.json doesn't exist
ERR!             .web.jsx
ERR!               Field 'browser' doesn't contain a valid alias configuration
ERR!               /Users/saraaoki/node_modules/react-redux.json doesn't exist
ERR!             .web.jsx
ERR!               Field 'browser' doesn't contain a valid alias configuration
ERR!               /Users/saraaoki/Documents/GitHub/react-todolist/node_modules/react-redux.web.jsx doesn't exist
ERR!             .jsx
ERR!               Field 'browser' doesn't contain a valid alias configuration
ERR!               /Users/saraaoki/node_modules/react-redux.web.jsx doesn't exist
ERR!             .jsx
ERR!               Field 'browser' doesn't contain a valid alias configuration
ERR!               /Users/saraaoki/Documents/GitHub/react-todolist/node_modules/react-redux.jsx doesn't exist
ERR!               /Users/saraaoki/node_modules/react-redux.jsx doesn't exist
ERR!             as directory
ERR!               /Users/saraaoki/Documents/GitHub/react-todolist/node_modules/react-redux doesn't exist
ERR!             as directory
ERR!               /Users/saraaoki/node_modules/react-redux doesn't exist
ERR!       looking for modules in /Users/saraaoki/Documents/GitHub/react-todolist/node_modules/react-scripts/node_modules
ERR!         using description file: /Users/saraaoki/Documents/GitHub/react-todolist/node_modules/react-scripts/package.json (relative path: ./node_modules)
ERR!           Field 'browser' doesn't contain a valid alias configuration
ERR!           using description file: /Users/saraaoki/Documents/GitHub/react-todolist/node_modules/react-scripts/package.json (relative path: ./node_modules/react-redux)
ERR!             no extension
ERR!               Field 'browser' doesn't contain a valid alias configuration
ERR!               /Users/saraaoki/Documents/GitHub/react-todolist/node_modules/react-scripts/node_modules/react-redux doesn't exist
ERR!             .web.mjs
ERR!               Field 'browser' doesn't contain a valid alias configuration
ERR!               /Users/saraaoki/Documents/GitHub/react-todolist/node_modules/react-scripts/node_modules/react-redux.web.mjs doesn't exist
ERR!             .mjs
ERR!               Field 'browser' doesn't contain a valid alias configuration
ERR!               /Users/saraaoki/Documents/GitHub/react-todolist/node_modules/react-scripts/node_modules/react-redux.mjs doesn't exist
ERR!             .web.js
ERR!               Field 'browser' doesn't contain a valid alias configuration
ERR!               /Users/saraaoki/Documents/GitHub/react-todolist/node_modules/react-scripts/node_modules/react-redux.web.js doesn't exist
ERR!             .js
ERR!               Field 'browser' doesn't contain a valid alias configuration
ERR!               /Users/saraaoki/Documents/GitHub/react-todolist/node_modules/react-scripts/node_modules/react-redux.js doesn't exist
ERR!             .json
ERR!               Field 'browser' doesn't contain a valid alias configuration
ERR!               /Users/saraaoki/Documents/GitHub/react-todolist/node_modules/react-scripts/node_modules/react-redux.json doesn't exist
ERR!             .web.jsx
ERR!               Field 'browser' doesn't contain a valid alias configuration
ERR!               /Users/saraaoki/Documents/GitHub/react-todolist/node_modules/react-scripts/node_modules/react-redux.web.jsx doesn't exist
ERR!             .jsx
ERR!               Field 'browser' doesn't contain a valid alias configuration
ERR!               /Users/saraaoki/Documents/GitHub/react-todolist/node_modules/react-scripts/node_modules/react-redux.jsx doesn't exist
ERR!             as directory
ERR!               /Users/saraaoki/Documents/GitHub/react-todolist/node_modules/react-scripts/node_modules/react-redux doesn't exist
